\BOOKMARK [1][-]{section.1}{Introduction}{}
\BOOKMARK [1][-]{section.2}{Rendu des programmes r\351alis\351s en TP}{}
\BOOKMARK [2][-]{subsection.2.1}{TP1 : generation de plan}{section.2}
\BOOKMARK [3][-]{subsubsection.2.1.1}{R\351solution du probl\350me}{subsection.2.1}
\BOOKMARK [3][-]{subsubsection.2.1.2}{Test}{subsection.2.1}
\BOOKMARK [2][-]{subsection.2.2}{TP2 : planification multi-agents}{section.2}
\BOOKMARK [3][-]{subsubsection.2.2.1}{R\351solution du probl\350me}{subsection.2.2}
\BOOKMARK [3][-]{subsubsection.2.2.2}{Tests}{subsection.2.2}
\BOOKMARK [2][-]{subsection.2.3}{TP3 : g\351n\351rateur-d\351monstrateur en logique modale}{section.2}
\BOOKMARK [3][-]{subsubsection.2.3.1}{R\351solution du probl\350me}{subsection.2.3}
\BOOKMARK [2][-]{subsection.2.4}{TP4 : g\351n\351rateur de plan en logique modale}{section.2}
\BOOKMARK [1][-]{section.3}{Travaux r\351alis\351s lors du bureau d'\351tude}{}
\BOOKMARK [2][-]{subsection.3.1}{Etude de Lm\173p\175 }{section.3}
\BOOKMARK [3][-]{subsubsection.3.1.1}{Definition de 'n\351cessaire'}{subsection.3.1}
\BOOKMARK [3][-]{subsubsection.3.1.2}{Idempotence de 'necessaire' et 'possible'}{subsection.3.1}
\BOOKMARK [3][-]{subsubsection.3.1.3}{Comparaison \340 S5}{subsection.3.1}
\BOOKMARK [3][-]{subsubsection.3.1.4}{Modalit\351s}{subsection.3.1}
\BOOKMARK [2][-]{subsection.3.2}{Etude de Lm\173E0\175}{section.3}
\BOOKMARK [3][-]{subsubsection.3.2.1}{Comparaison \340 S4}{subsection.3.2}
\BOOKMARK [3][-]{subsubsection.3.2.2}{Modalit\351s}{subsection.3.2}
\BOOKMARK [2][-]{subsection.3.3}{Etude d'autres logiques}{section.3}
\BOOKMARK [3][-]{subsubsection.3.3.1}{Lm\173E1\175, E1 = \173Faux\175}{subsection.3.3}
\BOOKMARK [3][-]{subsubsection.3.3.2}{Lm\173E2\175, E2 = \173Vrai\175}{subsection.3.3}
\BOOKMARK [3][-]{subsubsection.3.3.3}{Lm\173E3\175, E3 = \173Vrai,Faux\175}{subsection.3.3}
\BOOKMARK [3][-]{subsubsection.3.3.4}{Lm\173E4\175, E4 = \173Vrai,p\175 et Lm\173E6\175, E6 = \173Vrai,Faux,p\175}{subsection.3.3}
\BOOKMARK [3][-]{subsubsection.3.3.5}{Lm\173E5\175, E5 = \173Faux,p\175}{subsection.3.3}
\BOOKMARK [3][-]{subsubsection.3.3.6}{Lm\173E7\175, E7 = \173Vrai,Faux,p, \040p\175}{subsection.3.3}
\BOOKMARK [3][-]{subsubsection.3.3.7}{Lm\173E8\175, E8 = \173p,q\175}{subsection.3.3}
\BOOKMARK [1][-]{section.4}{Conclusion}{}
